nohup: ignoring input
obtiene paginas
cantidad de paginas: 50
va por pagina: 1
va por pagina: 2
va por pagina: 3
va por pagina: 4
va por pagina: 5
va por pagina: 6
va por pagina: 7
va por pagina: 8
va por pagina: 9
va por pagina: 10
va por pagina: 11
va por pagina: 12
va por pagina: 13
va por pagina: 14
va por pagina: 15
va por pagina: 16
va por pagina: 17
va por pagina: 18
va por pagina: 19
va por pagina: 20
va por pagina: 21
va por pagina: 22
va por pagina: 23
va por pagina: 24
va por pagina: 25
va por pagina: 26
va por pagina: 27
va por pagina: 28
va por pagina: 29
va por pagina: 30
va por pagina: 31
va por pagina: 32
va por pagina: 33
va por pagina: 34
va por pagina: 35
va por pagina: 36
va por pagina: 37
va por pagina: 38
va por pagina: 39
va por pagina: 40
va por pagina: 41
va por pagina: 42
va por pagina: 43
va por pagina: 44
va por pagina: 45
va por pagina: 46
va por pagina: 47
va por pagina: 48
va por pagina: 49
va por pagina: 50
obtiene paginas
cantidad de paginas: 38
va por pagina: 1
va por pagina: 2
va por pagina: 3
va por pagina: 4
va por pagina: 5
va por pagina: 6
va por pagina: 7
va por pagina: 8
va por pagina: 9
va por pagina: 10
va por pagina: 11
va por pagina: 12
va por pagina: 13
va por pagina: 14
va por pagina: 15
va por pagina: 16
va por pagina: 17
va por pagina: 18
va por pagina: 19
va por pagina: 20
va por pagina: 21
va por pagina: 22
va por pagina: 23
va por pagina: 24
va por pagina: 25
va por pagina: 26
va por pagina: 27
va por pagina: 28
va por pagina: 29
va por pagina: 30
va por pagina: 31
va por pagina: 32
va por pagina: 33
va por pagina: 34
va por pagina: 35
va por pagina: 36
va por pagina: 37
va por pagina: 38
obtiene paginas
cantidad de paginas: 38
va por pagina: 1
va por pagina: 2
va por pagina: 3
va por pagina: 4
va por pagina: 5
va por pagina: 6
va por pagina: 7
va por pagina: 8
va por pagina: 9
va por pagina: 10
va por pagina: 11
va por pagina: 12
va por pagina: 13
va por pagina: 14
va por pagina: 15
va por pagina: 16
va por pagina: 17
va por pagina: 18
va por pagina: 19
va por pagina: 20
va por pagina: 21
va por pagina: 22
va por pagina: 23
va por pagina: 24
va por pagina: 25
va por pagina: 26
va por pagina: 27
va por pagina: 28
va por pagina: 29
va por pagina: 30
va por pagina: 31
va por pagina: 32
va por pagina: 33
va por pagina: 34
va por pagina: 35
va por pagina: 36
va por pagina: 37
va por pagina: 38
obtiene paginas
cantidad de paginas: 45
va por pagina: 1
va por pagina: 2
va por pagina: 3
va por pagina: 4
va por pagina: 5
va por pagina: 6
va por pagina: 7
va por pagina: 8
va por pagina: 9
va por pagina: 10
va por pagina: 11
va por pagina: 12
va por pagina: 13
va por pagina: 14
va por pagina: 15
va por pagina: 16
va por pagina: 17
va por pagina: 18
va por pagina: 19
va por pagina: 20
va por pagina: 21
va por pagina: 22
va por pagina: 23
va por pagina: 24
va por pagina: 25
va por pagina: 26
va por pagina: 27
va por pagina: 28
va por pagina: 29
va por pagina: 30
va por pagina: 31
va por pagina: 32
va por pagina: 33
va por pagina: 34
va por pagina: 35
va por pagina: 36
va por pagina: 37
va por pagina: 38
va por pagina: 39
va por pagina: 40
va por pagina: 41
va por pagina: 42
va por pagina: 43
va por pagina: 44
va por pagina: 45
obtiene paginas
cantidad de paginas: 19
va por pagina: 1
va por pagina: 2
va por pagina: 3
va por pagina: 4
va por pagina: 5
va por pagina: 6
va por pagina: 7
va por pagina: 8
va por pagina: 9
va por pagina: 10
va por pagina: 11
va por pagina: 12
va por pagina: 13
va por pagina: 14
va por pagina: 15
va por pagina: 16
va por pagina: 17
va por pagina: 18
va por pagina: 19
obtiene paginas
cantidad de paginas: 28
va por pagina: 1
va por pagina: 2
va por pagina: 3
va por pagina: 4
va por pagina: 5
va por pagina: 6
va por pagina: 7
va por pagina: 8
va por pagina: 9
va por pagina: 10
va por pagina: 11
va por pagina: 12
va por pagina: 13
va por pagina: 14
va por pagina: 15
va por pagina: 16
va por pagina: 17
va por pagina: 18
va por pagina: 19
va por pagina: 20
va por pagina: 21
va por pagina: 22
va por pagina: 23
va por pagina: 24
va por pagina: 25
va por pagina: 26
va por pagina: 27
va por pagina: 28
obtiene paginas
cantidad de paginas: 34
va por pagina: 1
va por pagina: 2
va por pagina: 3
va por pagina: 4
va por pagina: 5
va por pagina: 6
va por pagina: 7
va por pagina: 8
va por pagina: 9
va por pagina: 10
va por pagina: 11
va por pagina: 12
va por pagina: 13
va por pagina: 14
va por pagina: 15
va por pagina: 16
va por pagina: 17
va por pagina: 18
va por pagina: 19
va por pagina: 20
va por pagina: 21
va por pagina: 22
va por pagina: 23
va por pagina: 24
va por pagina: 25
va por pagina: 26
va por pagina: 27
va por pagina: 28
va por pagina: 29
va por pagina: 30
va por pagina: 31
va por pagina: 32
va por pagina: 33
va por pagina: 34
obtiene paginas
cantidad de paginas: 36
va por pagina: 1
va por pagina: 2
va por pagina: 3
va por pagina: 4
va por pagina: 5
va por pagina: 6
va por pagina: 7
va por pagina: 8
va por pagina: 9
va por pagina: 10
va por pagina: 11
va por pagina: 12
va por pagina: 13
va por pagina: 14
va por pagina: 15
va por pagina: 16
va por pagina: 17
va por pagina: 18
va por pagina: 19
va por pagina: 20
va por pagina: 21
va por pagina: 22
va por pagina: 23
va por pagina: 24
va por pagina: 25
va por pagina: 26
va por pagina: 27
va por pagina: 28
va por pagina: 29
va por pagina: 30
va por pagina: 31
va por pagina: 32
va por pagina: 33
va por pagina: 34
va por pagina: 35
va por pagina: 36
obtiene paginas
cantidad de paginas: 27
va por pagina: 1
va por pagina: 2
va por pagina: 3
va por pagina: 4
va por pagina: 5
va por pagina: 6
va por pagina: 7
va por pagina: 8
va por pagina: 9
va por pagina: 10
va por pagina: 11
va por pagina: 12
va por pagina: 13
va por pagina: 14
va por pagina: 15
va por pagina: 16
va por pagina: 17
va por pagina: 18
va por pagina: 19
va por pagina: 20
va por pagina: 21
va por pagina: 22
va por pagina: 23
va por pagina: 24
va por pagina: 25
va por pagina: 26
va por pagina: 27
obtiene paginas
cantidad de paginas: 44
va por pagina: 1
va por pagina: 2
va por pagina: 3
va por pagina: 4
va por pagina: 5
va por pagina: 6
va por pagina: 7
va por pagina: 8
va por pagina: 9
va por pagina: 10
va por pagina: 11
va por pagina: 12
va por pagina: 13
va por pagina: 14
va por pagina: 15
va por pagina: 16
va por pagina: 17
va por pagina: 18
va por pagina: 19
va por pagina: 20
va por pagina: 21
va por pagina: 22
va por pagina: 23
va por pagina: 24
va por pagina: 25
va por pagina: 26
va por pagina: 27
va por pagina: 28
va por pagina: 29
va por pagina: 30
va por pagina: 31
va por pagina: 32
va por pagina: 33
va por pagina: 34
va por pagina: 35
va por pagina: 36
va por pagina: 37
va por pagina: 38
va por pagina: 39
va por pagina: 40
va por pagina: 41
va por pagina: 42
va por pagina: 43
va por pagina: 44
obtiene paginas
cantidad de paginas: 41
va por pagina: 1
va por pagina: 2
va por pagina: 3
va por pagina: 4
va por pagina: 5
va por pagina: 6
va por pagina: 7
va por pagina: 8
va por pagina: 9
va por pagina: 10
va por pagina: 11
va por pagina: 12
va por pagina: 13
va por pagina: 14
va por pagina: 15
va por pagina: 16
va por pagina: 17
va por pagina: 18
va por pagina: 19
va por pagina: 20
va por pagina: 21
va por pagina: 22
va por pagina: 23
va por pagina: 24
va por pagina: 25
va por pagina: 26
va por pagina: 27
va por pagina: 28
va por pagina: 29
va por pagina: 30
va por pagina: 31
va por pagina: 32
va por pagina: 33
va por pagina: 34
va por pagina: 35
va por pagina: 36
va por pagina: 37
va por pagina: 38
va por pagina: 39
va por pagina: 40
va por pagina: 41
obtiene paginas
cantidad de paginas: 33
va por pagina: 1
va por pagina: 2
va por pagina: 3
va por pagina: 4
va por pagina: 5
va por pagina: 6
va por pagina: 7
va por pagina: 8
va por pagina: 9
va por pagina: 10
va por pagina: 11
va por pagina: 12
va por pagina: 13
va por pagina: 14
va por pagina: 15
va por pagina: 16
va por pagina: 17
va por pagina: 18
va por pagina: 19
va por pagina: 20
va por pagina: 21
va por pagina: 22
va por pagina: 23
va por pagina: 24
va por pagina: 25
va por pagina: 26
va por pagina: 27
va por pagina: 28
va por pagina: 29
va por pagina: 30
va por pagina: 31
va por pagina: 32
va por pagina: 33
obtiene paginas
cantidad de paginas: 20
va por pagina: 1
va por pagina: 2
va por pagina: 3
va por pagina: 4
va por pagina: 5
va por pagina: 6
va por pagina: 7
va por pagina: 8
va por pagina: 9
va por pagina: 10
va por pagina: 11
va por pagina: 12
va por pagina: 13
va por pagina: 14
va por pagina: 15
va por pagina: 16
va por pagina: 17
va por pagina: 18
va por pagina: 19
va por pagina: 20
obtiene paginas
cantidad de paginas: 25
va por pagina: 1
va por pagina: 2
va por pagina: 3
va por pagina: 4
va por pagina: 5
va por pagina: 6
va por pagina: 7
va por pagina: 8
va por pagina: 9
va por pagina: 10
va por pagina: 11
va por pagina: 12
va por pagina: 13
va por pagina: 14
va por pagina: 15
va por pagina: 16
va por pagina: 17
va por pagina: 18
va por pagina: 19
va por pagina: 20
va por pagina: 21
va por pagina: 22
va por pagina: 23
va por pagina: 24
va por pagina: 25
obtiene paginas
cantidad de paginas: 41
va por pagina: 1
va por pagina: 2
va por pagina: 3
va por pagina: 4
va por pagina: 5
va por pagina: 6
va por pagina: 7
va por pagina: 8
va por pagina: 9
va por pagina: 10
va por pagina: 11
va por pagina: 12
va por pagina: 13
va por pagina: 14
va por pagina: 15
va por pagina: 16
va por pagina: 17
va por pagina: 18
va por pagina: 19
va por pagina: 20
va por pagina: 21
va por pagina: 22
va por pagina: 23
va por pagina: 24
va por pagina: 25
va por pagina: 26
va por pagina: 27
va por pagina: 28
va por pagina: 29
va por pagina: 30
va por pagina: 31
va por pagina: 32
va por pagina: 33
va por pagina: 34
va por pagina: 35
va por pagina: 36
va por pagina: 37
va por pagina: 38
va por pagina: 39
va por pagina: 40
va por pagina: 41
obtiene paginas
cantidad de paginas: 55
va por pagina: 1
va por pagina: 2
va por pagina: 3
va por pagina: 4
va por pagina: 5
va por pagina: 6
va por pagina: 7
va por pagina: 8
va por pagina: 9
va por pagina: 10
va por pagina: 11
va por pagina: 12
va por pagina: 13
va por pagina: 14
va por pagina: 15
va por pagina: 16
va por pagina: 17
va por pagina: 18
va por pagina: 19
va por pagina: 20
va por pagina: 21
va por pagina: 22
va por pagina: 23
va por pagina: 24
va por pagina: 25
va por pagina: 26
va por pagina: 27
va por pagina: 28
va por pagina: 29
va por pagina: 30
va por pagina: 31
va por pagina: 32
va por pagina: 33
va por pagina: 34
va por pagina: 35
va por pagina: 36
va por pagina: 37
va por pagina: 38
va por pagina: 39
va por pagina: 40
va por pagina: 41
va por pagina: 42
va por pagina: 43
va por pagina: 44
va por pagina: 45
va por pagina: 46
va por pagina: 47
va por pagina: 48
va por pagina: 49
va por pagina: 50
va por pagina: 51
va por pagina: 52
va por pagina: 53
va por pagina: 54
va por pagina: 55
obtiene paginas
cantidad de paginas: 54
va por pagina: 1
va por pagina: 2
va por pagina: 3
va por pagina: 4
va por pagina: 5
va por pagina: 6
va por pagina: 7
va por pagina: 8
va por pagina: 9
va por pagina: 10
va por pagina: 11
va por pagina: 12
va por pagina: 13
va por pagina: 14
va por pagina: 15
va por pagina: 16
va por pagina: 17
va por pagina: 18
va por pagina: 19
va por pagina: 20
va por pagina: 21
va por pagina: 22
va por pagina: 23
va por pagina: 24
va por pagina: 25
va por pagina: 26
va por pagina: 27
va por pagina: 28
va por pagina: 29
va por pagina: 30
va por pagina: 31
va por pagina: 32
va por pagina: 33
va por pagina: 34
va por pagina: 35
va por pagina: 36
va por pagina: 37
va por pagina: 38
va por pagina: 39
va por pagina: 40
va por pagina: 41
va por pagina: 42
va por pagina: 43
va por pagina: 44
va por pagina: 45
va por pagina: 46
va por pagina: 47
va por pagina: 48
va por pagina: 49
va por pagina: 50
va por pagina: 51
va por pagina: 52
va por pagina: 53
va por pagina: 54
obtiene paginas
cantidad de paginas: 43
va por pagina: 1
va por pagina: 2
va por pagina: 3
va por pagina: 4
va por pagina: 5
va por pagina: 6
va por pagina: 7
va por pagina: 8
va por pagina: 9
va por pagina: 10
va por pagina: 11
va por pagina: 12
va por pagina: 13
va por pagina: 14
va por pagina: 15
va por pagina: 16
va por pagina: 17
va por pagina: 18
va por pagina: 19
va por pagina: 20
va por pagina: 21
va por pagina: 22
va por pagina: 23
va por pagina: 24
va por pagina: 25
va por pagina: 26
va por pagina: 27
va por pagina: 28
va por pagina: 29
va por pagina: 30
va por pagina: 31
va por pagina: 32
va por pagina: 33
va por pagina: 34
va por pagina: 35
va por pagina: 36
va por pagina: 37
va por pagina: 38
va por pagina: 39
va por pagina: 40
va por pagina: 41
va por pagina: 42
va por pagina: 43
obtiene paginas
cantidad de paginas: 41
va por pagina: 1
va por pagina: 2
va por pagina: 3
va por pagina: 4
va por pagina: 5
va por pagina: 6
va por pagina: 7
va por pagina: 8
va por pagina: 9
va por pagina: 10
va por pagina: 11
va por pagina: 12
va por pagina: 13
va por pagina: 14
va por pagina: 15
va por pagina: 16
va por pagina: 17
va por pagina: 18
va por pagina: 19
va por pagina: 20
va por pagina: 21
va por pagina: 22
va por pagina: 23
va por pagina: 24
va por pagina: 25
va por pagina: 26
va por pagina: 27
va por pagina: 28
va por pagina: 29
va por pagina: 30
va por pagina: 31
va por pagina: 32
va por pagina: 33
va por pagina: 34
va por pagina: 35
va por pagina: 36
va por pagina: 37
va por pagina: 38
va por pagina: 39
va por pagina: 40
va por pagina: 41
obtiene paginas
cantidad de paginas: 31
va por pagina: 1
va por pagina: 2
va por pagina: 3
va por pagina: 4
va por pagina: 5
va por pagina: 6
va por pagina: 7
va por pagina: 8
va por pagina: 9
va por pagina: 10
va por pagina: 11
va por pagina: 12
va por pagina: 13
va por pagina: 14
va por pagina: 15
va por pagina: 16
va por pagina: 17
va por pagina: 18
va por pagina: 19
va por pagina: 20
va por pagina: 21
va por pagina: 22
va por pagina: 23
va por pagina: 24
va por pagina: 25
va por pagina: 26
va por pagina: 27
va por pagina: 28
va por pagina: 29
va por pagina: 30
va por pagina: 31
obtiene paginas
cantidad de paginas: 27
va por pagina: 1
va por pagina: 2
va por pagina: 3
va por pagina: 4
va por pagina: 5
va por pagina: 6
va por pagina: 7
va por pagina: 8
va por pagina: 9
va por pagina: 10
va por pagina: 11
va por pagina: 12
va por pagina: 13
va por pagina: 14
va por pagina: 15
va por pagina: 16
va por pagina: 17
va por pagina: 18
va por pagina: 19
va por pagina: 20
va por pagina: 21
va por pagina: 22
va por pagina: 23
va por pagina: 24
va por pagina: 25
va por pagina: 26
va por pagina: 27
obtiene paginas
cantidad de paginas: 36
va por pagina: 1
va por pagina: 2
va por pagina: 3
va por pagina: 4
va por pagina: 5
va por pagina: 6
va por pagina: 7
va por pagina: 8
va por pagina: 9
va por pagina: 10
va por pagina: 11
va por pagina: 12
va por pagina: 13
va por pagina: 14
va por pagina: 15
va por pagina: 16
va por pagina: 17
va por pagina: 18
va por pagina: 19
va por pagina: 20
va por pagina: 21
va por pagina: 22
va por pagina: 23
va por pagina: 24
va por pagina: 25
va por pagina: 26
va por pagina: 27
va por pagina: 28
va por pagina: 29
va por pagina: 30
va por pagina: 31
va por pagina: 32
va por pagina: 33
va por pagina: 34
va por pagina: 35
va por pagina: 36
obtiene paginas
cantidad de paginas: 42
va por pagina: 1
va por pagina: 2
va por pagina: 3
va por pagina: 4
va por pagina: 5
va por pagina: 6
va por pagina: 7
va por pagina: 8
va por pagina: 9
va por pagina: 10
va por pagina: 11
va por pagina: 12
va por pagina: 13
va por pagina: 14
va por pagina: 15
va por pagina: 16
va por pagina: 17
va por pagina: 18
va por pagina: 19
va por pagina: 20
va por pagina: 21
va por pagina: 22
va por pagina: 23
va por pagina: 24
va por pagina: 25
va por pagina: 26
va por pagina: 27
va por pagina: 28
va por pagina: 29
va por pagina: 30
va por pagina: 31
va por pagina: 32
va por pagina: 33
va por pagina: 34
va por pagina: 35
va por pagina: 36
va por pagina: 37
va por pagina: 38
va por pagina: 39
va por pagina: 40
va por pagina: 41
va por pagina: 42
obtiene paginas
cantidad de paginas: 47
va por pagina: 1
va por pagina: 2
va por pagina: 3
va por pagina: 4
va por pagina: 5
va por pagina: 6
va por pagina: 7
va por pagina: 8
va por pagina: 9
va por pagina: 10
va por pagina: 11
va por pagina: 12
va por pagina: 13
va por pagina: 14
va por pagina: 15
va por pagina: 16
va por pagina: 17
va por pagina: 18
va por pagina: 19
va por pagina: 20
va por pagina: 21
va por pagina: 22
va por pagina: 23
va por pagina: 24
va por pagina: 25
va por pagina: 26
va por pagina: 27
va por pagina: 28
va por pagina: 29
va por pagina: 30
va por pagina: 31
va por pagina: 32
va por pagina: 33
va por pagina: 34
va por pagina: 35
va por pagina: 36
va por pagina: 37
va por pagina: 38
va por pagina: 39
va por pagina: 40
va por pagina: 41
va por pagina: 42
va por pagina: 43
va por pagina: 44
va por pagina: 45
va por pagina: 46
va por pagina: 47
obtiene paginas
cantidad de paginas: 40
va por pagina: 1
va por pagina: 2
va por pagina: 3
va por pagina: 4
va por pagina: 5
va por pagina: 6
va por pagina: 7
va por pagina: 8
va por pagina: 9
va por pagina: 10
va por pagina: 11
va por pagina: 12
va por pagina: 13
va por pagina: 14
va por pagina: 15
va por pagina: 16
va por pagina: 17
va por pagina: 18
va por pagina: 19
va por pagina: 20
va por pagina: 21
va por pagina: 22
va por pagina: 23
va por pagina: 24
va por pagina: 25
va por pagina: 26
va por pagina: 27
va por pagina: 28
va por pagina: 29
va por pagina: 30
va por pagina: 31
va por pagina: 32
va por pagina: 33
va por pagina: 34
va por pagina: 35
va por pagina: 36
va por pagina: 37
va por pagina: 38
va por pagina: 39
va por pagina: 40
obtiene paginas
cantidad de paginas: 38
va por pagina: 1
va por pagina: 2
va por pagina: 3
va por pagina: 4
va por pagina: 5
va por pagina: 6
va por pagina: 7
va por pagina: 8
va por pagina: 9
va por pagina: 10
va por pagina: 11
va por pagina: 12
va por pagina: 13
va por pagina: 14
va por pagina: 15
va por pagina: 16
va por pagina: 17
va por pagina: 18
va por pagina: 19
va por pagina: 20
va por pagina: 21
va por pagina: 22
va por pagina: 23
va por pagina: 24
va por pagina: 25
va por pagina: 26
va por pagina: 27
va por pagina: 28
va por pagina: 29
va por pagina: 30
va por pagina: 31
va por pagina: 32
va por pagina: 33
va por pagina: 34
va por pagina: 35
va por pagina: 36
va por pagina: 37
va por pagina: 38
obtiene paginas
cantidad de paginas: 34
va por pagina: 1
va por pagina: 2
va por pagina: 3
va por pagina: 4
va por pagina: 5
va por pagina: 6
va por pagina: 7
va por pagina: 8
va por pagina: 9
va por pagina: 10
va por pagina: 11
va por pagina: 12
va por pagina: 13
va por pagina: 14
va por pagina: 15
va por pagina: 16
va por pagina: 17
va por pagina: 18
va por pagina: 19
va por pagina: 20
va por pagina: 21
va por pagina: 22
va por pagina: 23
va por pagina: 24
va por pagina: 25
va por pagina: 26
va por pagina: 27
va por pagina: 28
va por pagina: 29
va por pagina: 30
va por pagina: 31
va por pagina: 32
va por pagina: 33
va por pagina: 34
obtiene paginas
cantidad de paginas: 37
va por pagina: 1
va por pagina: 2
va por pagina: 3
va por pagina: 4
va por pagina: 5
va por pagina: 6
va por pagina: 7
va por pagina: 8
va por pagina: 9
va por pagina: 10
va por pagina: 11
va por pagina: 12
va por pagina: 13
va por pagina: 14
va por pagina: 15
va por pagina: 16
va por pagina: 17
va por pagina: 18
va por pagina: 19
va por pagina: 20
va por pagina: 21
va por pagina: 22
va por pagina: 23
va por pagina: 24
va por pagina: 25
va por pagina: 26
va por pagina: 27
va por pagina: 28
va por pagina: 29
va por pagina: 30
va por pagina: 31
va por pagina: 32
va por pagina: 33
va por pagina: 34
va por pagina: 35
va por pagina: 36
va por pagina: 37
obtiene paginas
cantidad de paginas: 40
va por pagina: 1
va por pagina: 2
va por pagina: 3
va por pagina: 4
va por pagina: 5
va por pagina: 6
va por pagina: 7
va por pagina: 8
va por pagina: 9
va por pagina: 10
va por pagina: 11
va por pagina: 12
va por pagina: 13
va por pagina: 14
va por pagina: 15
va por pagina: 16
va por pagina: 17
va por pagina: 18
va por pagina: 19
va por pagina: 20
va por pagina: 21
va por pagina: 22
va por pagina: 23
va por pagina: 24
va por pagina: 25
va por pagina: 26
va por pagina: 27
va por pagina: 28
va por pagina: 29
va por pagina: 30
va por pagina: 31
va por pagina: 32
va por pagina: 33
va por pagina: 34
va por pagina: 35
va por pagina: 36
va por pagina: 37
va por pagina: 38
va por pagina: 39
va por pagina: 40
obtiene paginas
cantidad de paginas: 44
va por pagina: 1
va por pagina: 2
va por pagina: 3
va por pagina: 4
va por pagina: 5
va por pagina: 6
va por pagina: 7
va por pagina: 8
va por pagina: 9
va por pagina: 10
va por pagina: 11
va por pagina: 12
va por pagina: 13
va por pagina: 14
va por pagina: 15
va por pagina: 16
va por pagina: 17
va por pagina: 18
va por pagina: 19
va por pagina: 20
va por pagina: 21
va por pagina: 22
va por pagina: 23
va por pagina: 24
va por pagina: 25
va por pagina: 26
va por pagina: 27
va por pagina: 28
va por pagina: 29
va por pagina: 30
va por pagina: 31
va por pagina: 32
va por pagina: 33
va por pagina: 34
va por pagina: 35
va por pagina: 36
va por pagina: 37
va por pagina: 38
va por pagina: 39
va por pagina: 40
va por pagina: 41
va por pagina: 42
va por pagina: 43
va por pagina: 44
obtiene paginas
cantidad de paginas: 50
va por pagina: 1
va por pagina: 2
va por pagina: 3
va por pagina: 4
va por pagina: 5
va por pagina: 6
va por pagina: 7
va por pagina: 8
va por pagina: 9
va por pagina: 10
va por pagina: 11
va por pagina: 12
va por pagina: 13
va por pagina: 14
va por pagina: 15
va por pagina: 16
va por pagina: 17
va por pagina: 18
va por pagina: 19
va por pagina: 20
va por pagina: 21
va por pagina: 22
va por pagina: 23
va por pagina: 24
va por pagina: 25
va por pagina: 26
va por pagina: 27
va por pagina: 28
va por pagina: 29
va por pagina: 30
va por pagina: 31
va por pagina: 32
va por pagina: 33
va por pagina: 34
va por pagina: 35
va por pagina: 36
va por pagina: 37
va por pagina: 38
va por pagina: 39
va por pagina: 40
va por pagina: 41
va por pagina: 42
va por pagina: 43
va por pagina: 44
va por pagina: 45
va por pagina: 46
va por pagina: 47
va por pagina: 48
va por pagina: 49
va por pagina: 50
obtiene paginas
cantidad de paginas: 59
va por pagina: 1
va por pagina: 2
va por pagina: 3
va por pagina: 4
va por pagina: 5
va por pagina: 6
va por pagina: 7
va por pagina: 8
va por pagina: 9
va por pagina: 10
va por pagina: 11
va por pagina: 12
va por pagina: 13
va por pagina: 14
va por pagina: 15
va por pagina: 16
va por pagina: 17
va por pagina: 18
va por pagina: 19
va por pagina: 20
va por pagina: 21
va por pagina: 22
va por pagina: 23
va por pagina: 24
va por pagina: 25
va por pagina: 26
va por pagina: 27
va por pagina: 28
va por pagina: 29
va por pagina: 30
va por pagina: 31
va por pagina: 32
va por pagina: 33
va por pagina: 34
va por pagina: 35
va por pagina: 36
va por pagina: 37
va por pagina: 38
va por pagina: 39
va por pagina: 40
va por pagina: 41
va por pagina: 42
va por pagina: 43
va por pagina: 44
va por pagina: 45
va por pagina: 46
va por pagina: 47
va por pagina: 48
va por pagina: 49
va por pagina: 50
va por pagina: 51
va por pagina: 52
va por pagina: 53
va por pagina: 54
va por pagina: 55
va por pagina: 56
va por pagina: 57
va por pagina: 58
va por pagina: 59
obtiene paginas
cantidad de paginas: 39
va por pagina: 1
va por pagina: 2
va por pagina: 3
va por pagina: 4
va por pagina: 5
va por pagina: 6
va por pagina: 7
va por pagina: 8
va por pagina: 9
va por pagina: 10
va por pagina: 11
va por pagina: 12
va por pagina: 13
va por pagina: 14
va por pagina: 15
va por pagina: 16
va por pagina: 17
va por pagina: 18
va por pagina: 19
va por pagina: 20
va por pagina: 21
va por pagina: 22
va por pagina: 23
va por pagina: 24
va por pagina: 25
va por pagina: 26
va por pagina: 27
va por pagina: 28
va por pagina: 29
va por pagina: 30
va por pagina: 31
va por pagina: 32
va por pagina: 33
va por pagina: 34
va por pagina: 35
va por pagina: 36
va por pagina: 37
va por pagina: 38
va por pagina: 39
obtiene paginas
cantidad de paginas: 28
va por pagina: 1
va por pagina: 2
va por pagina: 3
va por pagina: 4
va por pagina: 5
va por pagina: 6
va por pagina: 7
va por pagina: 8
va por pagina: 9
va por pagina: 10
va por pagina: 11
va por pagina: 12
va por pagina: 13
va por pagina: 14
va por pagina: 15
va por pagina: 16
va por pagina: 17
va por pagina: 18
va por pagina: 19
va por pagina: 20
va por pagina: 21
va por pagina: 22
va por pagina: 23
va por pagina: 24
va por pagina: 25
va por pagina: 26
va por pagina: 27
va por pagina: 28
obtiene paginas
cantidad de paginas: 31
va por pagina: 1
va por pagina: 2
va por pagina: 3
va por pagina: 4
va por pagina: 5
va por pagina: 6
va por pagina: 7
va por pagina: 8
va por pagina: 9
va por pagina: 10
va por pagina: 11
va por pagina: 12
va por pagina: 13
va por pagina: 14
va por pagina: 15
va por pagina: 16
va por pagina: 17
va por pagina: 18
va por pagina: 19
va por pagina: 20
va por pagina: 21
va por pagina: 22
va por pagina: 23
va por pagina: 24
va por pagina: 25
va por pagina: 26
va por pagina: 27
va por pagina: 28
va por pagina: 29
va por pagina: 30
va por pagina: 31
obtiene paginas
cantidad de paginas: 32
va por pagina: 1
va por pagina: 2
va por pagina: 3
va por pagina: 4
va por pagina: 5
va por pagina: 6
va por pagina: 7
va por pagina: 8
va por pagina: 9
va por pagina: 10
va por pagina: 11
va por pagina: 12
va por pagina: 13
va por pagina: 14
va por pagina: 15
va por pagina: 16
va por pagina: 17
va por pagina: 18
va por pagina: 19
va por pagina: 20
va por pagina: 21
va por pagina: 22
va por pagina: 23
va por pagina: 24
va por pagina: 25
va por pagina: 26
va por pagina: 27
va por pagina: 28
va por pagina: 29
va por pagina: 30
va por pagina: 31
va por pagina: 32
obtiene paginas
cantidad de paginas: 31
va por pagina: 1
va por pagina: 2
va por pagina: 3
va por pagina: 4
va por pagina: 5
va por pagina: 6
va por pagina: 7
va por pagina: 8
va por pagina: 9
va por pagina: 10
va por pagina: 11
va por pagina: 12
va por pagina: 13
va por pagina: 14
va por pagina: 15
va por pagina: 16
va por pagina: 17
va por pagina: 18
va por pagina: 19
va por pagina: 20
va por pagina: 21
va por pagina: 22
va por pagina: 23
va por pagina: 24
va por pagina: 25
va por pagina: 26
va por pagina: 27
va por pagina: 28
va por pagina: 29
va por pagina: 30
va por pagina: 31
obtiene paginas
cantidad de paginas: 45
va por pagina: 1
va por pagina: 2
va por pagina: 3
va por pagina: 4
va por pagina: 5
va por pagina: 6
va por pagina: 7
va por pagina: 8
va por pagina: 9
va por pagina: 10
va por pagina: 11
va por pagina: 12
va por pagina: 13
va por pagina: 14
va por pagina: 15
va por pagina: 16
va por pagina: 17
va por pagina: 18
va por pagina: 19
va por pagina: 20
va por pagina: 21
va por pagina: 22
va por pagina: 23
va por pagina: 24
va por pagina: 25
va por pagina: 26
va por pagina: 27
va por pagina: 28
va por pagina: 29
va por pagina: 30
va por pagina: 31
va por pagina: 32
va por pagina: 33
va por pagina: 34
va por pagina: 35
va por pagina: 36
va por pagina: 37
va por pagina: 38
va por pagina: 39
va por pagina: 40
va por pagina: 41
va por pagina: 42
va por pagina: 43
va por pagina: 44
va por pagina: 45
obtiene paginas
cantidad de paginas: 32
va por pagina: 1
va por pagina: 2
va por pagina: 3
va por pagina: 4
va por pagina: 5
va por pagina: 6
va por pagina: 7
va por pagina: 8
va por pagina: 9
va por pagina: 10
va por pagina: 11
va por pagina: 12
va por pagina: 13
va por pagina: 14
va por pagina: 15
va por pagina: 16
va por pagina: 17
va por pagina: 18
va por pagina: 19
va por pagina: 20
va por pagina: 21
va por pagina: 22
va por pagina: 23
va por pagina: 24
va por pagina: 25
va por pagina: 26
va por pagina: 27
va por pagina: 28
va por pagina: 29
va por pagina: 30
va por pagina: 31
va por pagina: 32
obtiene paginas
cantidad de paginas: 35
va por pagina: 1
va por pagina: 2
va por pagina: 3
va por pagina: 4
va por pagina: 5
va por pagina: 6
va por pagina: 7
va por pagina: 8
va por pagina: 9
va por pagina: 10
va por pagina: 11
va por pagina: 12
va por pagina: 13
va por pagina: 14
va por pagina: 15
va por pagina: 16
va por pagina: 17
va por pagina: 18
va por pagina: 19
va por pagina: 20
va por pagina: 21
va por pagina: 22
va por pagina: 23
va por pagina: 24
va por pagina: 25
va por pagina: 26
va por pagina: 27
va por pagina: 28
va por pagina: 29
va por pagina: 30
va por pagina: 31
va por pagina: 32
va por pagina: 33
va por pagina: 34
va por pagina: 35
obtiene paginas
cantidad de paginas: 24
va por pagina: 1
va por pagina: 2
va por pagina: 3
va por pagina: 4
va por pagina: 5
va por pagina: 6
va por pagina: 7
va por pagina: 8
va por pagina: 9
va por pagina: 10
va por pagina: 11
va por pagina: 12
va por pagina: 13
va por pagina: 14
va por pagina: 15
va por pagina: 16
va por pagina: 17
va por pagina: 18
va por pagina: 19
va por pagina: 20
va por pagina: 21
va por pagina: 22
va por pagina: 23
va por pagina: 24
obtiene paginas
cantidad de paginas: 24
va por pagina: 1
va por pagina: 2
va por pagina: 3
va por pagina: 4
va por pagina: 5
va por pagina: 6
va por pagina: 7
va por pagina: 8
va por pagina: 9
va por pagina: 10
va por pagina: 11
va por pagina: 12
va por pagina: 13
va por pagina: 14
va por pagina: 15
va por pagina: 16
va por pagina: 17
va por pagina: 18
va por pagina: 19
va por pagina: 20
va por pagina: 21
va por pagina: 22
va por pagina: 23
va por pagina: 24
obtiene paginas
cantidad de paginas: 37
va por pagina: 1
va por pagina: 2
va por pagina: 3
va por pagina: 4
va por pagina: 5
va por pagina: 6
va por pagina: 7
va por pagina: 8
va por pagina: 9
va por pagina: 10
va por pagina: 11
va por pagina: 12
va por pagina: 13
va por pagina: 14
va por pagina: 15
va por pagina: 16
va por pagina: 17
va por pagina: 18
va por pagina: 19
va por pagina: 20
va por pagina: 21
va por pagina: 22
va por pagina: 23
va por pagina: 24
va por pagina: 25
va por pagina: 26
va por pagina: 27
va por pagina: 28
va por pagina: 29
va por pagina: 30
va por pagina: 31
va por pagina: 32
va por pagina: 33
va por pagina: 34
va por pagina: 35
va por pagina: 36
va por pagina: 37
obtiene paginas
cantidad de paginas: 41
va por pagina: 1
va por pagina: 2
va por pagina: 3
va por pagina: 4
va por pagina: 5
va por pagina: 6
va por pagina: 7
va por pagina: 8
va por pagina: 9
va por pagina: 10
va por pagina: 11
va por pagina: 12
va por pagina: 13
va por pagina: 14
va por pagina: 15
va por pagina: 16
va por pagina: 17
va por pagina: 18
va por pagina: 19
va por pagina: 20
va por pagina: 21
va por pagina: 22
va por pagina: 23
va por pagina: 24
va por pagina: 25
va por pagina: 26
va por pagina: 27
va por pagina: 28
va por pagina: 29
va por pagina: 30
va por pagina: 31
va por pagina: 32
va por pagina: 33
va por pagina: 34
va por pagina: 35
va por pagina: 36
va por pagina: 37
va por pagina: 38
va por pagina: 39
va por pagina: 40
va por pagina: 41
obtiene paginas
cantidad de paginas: 32
va por pagina: 1
va por pagina: 2
va por pagina: 3
va por pagina: 4
va por pagina: 5
va por pagina: 6
va por pagina: 7
va por pagina: 8
va por pagina: 9
va por pagina: 10
va por pagina: 11
va por pagina: 12
va por pagina: 13
va por pagina: 14
va por pagina: 15
va por pagina: 16
va por pagina: 17
va por pagina: 18
va por pagina: 19
va por pagina: 20
va por pagina: 21
va por pagina: 22
va por pagina: 23
va por pagina: 24
va por pagina: 25
va por pagina: 26
va por pagina: 27
va por pagina: 28
va por pagina: 29
va por pagina: 30
va por pagina: 31
va por pagina: 32
obtiene paginas
cantidad de paginas: 37
va por pagina: 1
va por pagina: 2
va por pagina: 3
va por pagina: 4
va por pagina: 5
va por pagina: 6
va por pagina: 7
va por pagina: 8
va por pagina: 9
va por pagina: 10
va por pagina: 11
va por pagina: 12
va por pagina: 13
va por pagina: 14
va por pagina: 15
va por pagina: 16
va por pagina: 17
va por pagina: 18
va por pagina: 19
va por pagina: 20
va por pagina: 21
va por pagina: 22
va por pagina: 23
va por pagina: 24
va por pagina: 25
va por pagina: 26
va por pagina: 27
va por pagina: 28
va por pagina: 29
va por pagina: 30
va por pagina: 31
va por pagina: 32
va por pagina: 33
va por pagina: 34
va por pagina: 35
va por pagina: 36
va por pagina: 37
obtiene paginas
cantidad de paginas: 45
va por pagina: 1
va por pagina: 2
va por pagina: 3
va por pagina: 4
va por pagina: 5
va por pagina: 6
va por pagina: 7
va por pagina: 8
va por pagina: 9
va por pagina: 10
va por pagina: 11
va por pagina: 12
va por pagina: 13
va por pagina: 14
va por pagina: 15
va por pagina: 16
va por pagina: 17
va por pagina: 18
va por pagina: 19
va por pagina: 20
va por pagina: 21
va por pagina: 22
va por pagina: 23
va por pagina: 24
va por pagina: 25
va por pagina: 26
va por pagina: 27
va por pagina: 28
va por pagina: 29
va por pagina: 30
va por pagina: 31
va por pagina: 32
va por pagina: 33
va por pagina: 34
va por pagina: 35
va por pagina: 36
va por pagina: 37
va por pagina: 38
va por pagina: 39
va por pagina: 40
va por pagina: 41
va por pagina: 42
va por pagina: 43
va por pagina: 44
va por pagina: 45
obtiene paginas
cantidad de paginas: 20
va por pagina: 1
va por pagina: 2
va por pagina: 3
va por pagina: 4
va por pagina: 5
va por pagina: 6
va por pagina: 7
va por pagina: 8
va por pagina: 9
va por pagina: 10
va por pagina: 11
va por pagina: 12
va por pagina: 13
va por pagina: 14
va por pagina: 15
va por pagina: 16
va por pagina: 17
va por pagina: 18
va por pagina: 19
va por pagina: 20
obtiene paginas
cantidad de paginas: 31
va por pagina: 1
va por pagina: 2
va por pagina: 3
va por pagina: 4
va por pagina: 5
va por pagina: 6
va por pagina: 7
va por pagina: 8
va por pagina: 9
va por pagina: 10
va por pagina: 11
va por pagina: 12
va por pagina: 13
va por pagina: 14
va por pagina: 15
va por pagina: 16
va por pagina: 17
va por pagina: 18
va por pagina: 19
va por pagina: 20
va por pagina: 21
va por pagina: 22
va por pagina: 23
va por pagina: 24
va por pagina: 25
va por pagina: 26
va por pagina: 27
va por pagina: 28
va por pagina: 29
va por pagina: 30
va por pagina: 31
obtiene paginas
cantidad de paginas: 47
va por pagina: 1
va por pagina: 2
va por pagina: 3
va por pagina: 4
va por pagina: 5
va por pagina: 6
va por pagina: 7
va por pagina: 8
va por pagina: 9
va por pagina: 10
va por pagina: 11
va por pagina: 12
va por pagina: 13
va por pagina: 14
va por pagina: 15
va por pagina: 16
va por pagina: 17
va por pagina: 18
va por pagina: 19
va por pagina: 20
va por pagina: 21
va por pagina: 22
va por pagina: 23
va por pagina: 24
va por pagina: 25
va por pagina: 26
va por pagina: 27
va por pagina: 28
va por pagina: 29
va por pagina: 30
va por pagina: 31
va por pagina: 32
va por pagina: 33
va por pagina: 34
va por pagina: 35
va por pagina: 36
va por pagina: 37
va por pagina: 38
va por pagina: 39
va por pagina: 40
va por pagina: 41
va por pagina: 42
va por pagina: 43
va por pagina: 44
va por pagina: 45
va por pagina: 46
va por pagina: 47
obtiene paginas
cantidad de paginas: 32
va por pagina: 1
va por pagina: 2
va por pagina: 3
va por pagina: 4
va por pagina: 5
va por pagina: 6
va por pagina: 7
va por pagina: 8
va por pagina: 9
va por pagina: 10
va por pagina: 11
va por pagina: 12
va por pagina: 13
va por pagina: 14
va por pagina: 15
va por pagina: 16
va por pagina: 17
va por pagina: 18
va por pagina: 19
va por pagina: 20
va por pagina: 21
va por pagina: 22
va por pagina: 23
va por pagina: 24
va por pagina: 25
va por pagina: 26
va por pagina: 27
va por pagina: 28
va por pagina: 29
va por pagina: 30
va por pagina: 31
va por pagina: 32
obtiene paginas
cantidad de paginas: 32
va por pagina: 1
va por pagina: 2
va por pagina: 3
va por pagina: 4
va por pagina: 5
va por pagina: 6
va por pagina: 7
va por pagina: 8
va por pagina: 9
va por pagina: 10
va por pagina: 11
va por pagina: 12
va por pagina: 13
va por pagina: 14
va por pagina: 15
va por pagina: 16
va por pagina: 17
va por pagina: 18
va por pagina: 19
va por pagina: 20
va por pagina: 21
va por pagina: 22
va por pagina: 23
va por pagina: 24
va por pagina: 25
va por pagina: 26
va por pagina: 27
va por pagina: 28
va por pagina: 29
va por pagina: 30
va por pagina: 31
va por pagina: 32
obtiene paginas
cantidad de paginas: 45
va por pagina: 1
va por pagina: 2
va por pagina: 3
va por pagina: 4
va por pagina: 5
va por pagina: 6
va por pagina: 7
va por pagina: 8
va por pagina: 9
va por pagina: 10
va por pagina: 11
va por pagina: 12
va por pagina: 13
va por pagina: 14
va por pagina: 15
va por pagina: 16
va por pagina: 17
va por pagina: 18
va por pagina: 19
va por pagina: 20
va por pagina: 21
va por pagina: 22
va por pagina: 23
va por pagina: 24
va por pagina: 25
va por pagina: 26
va por pagina: 27
va por pagina: 28
va por pagina: 29
va por pagina: 30
va por pagina: 31
va por pagina: 32
va por pagina: 33
va por pagina: 34
va por pagina: 35
va por pagina: 36
va por pagina: 37
va por pagina: 38
va por pagina: 39
va por pagina: 40
va por pagina: 41
va por pagina: 42
va por pagina: 43
va por pagina: 44
va por pagina: 45
obtiene paginas
cantidad de paginas: 44
va por pagina: 1
va por pagina: 2
va por pagina: 3
va por pagina: 4
va por pagina: 5
va por pagina: 6
va por pagina: 7
va por pagina: 8
va por pagina: 9
va por pagina: 10
va por pagina: 11
va por pagina: 12
va por pagina: 13
va por pagina: 14
va por pagina: 15
va por pagina: 16
va por pagina: 17
va por pagina: 18
va por pagina: 19
va por pagina: 20
va por pagina: 21
va por pagina: 22
va por pagina: 23
va por pagina: 24
va por pagina: 25
va por pagina: 26
va por pagina: 27
va por pagina: 28
va por pagina: 29
va por pagina: 30
va por pagina: 31
va por pagina: 32
va por pagina: 33
va por pagina: 34
va por pagina: 35
va por pagina: 36
va por pagina: 37
va por pagina: 38
va por pagina: 39
va por pagina: 40
va por pagina: 41
va por pagina: 42
va por pagina: 43
va por pagina: 44
obtiene paginas
cantidad de paginas: 28
va por pagina: 1
va por pagina: 2
va por pagina: 3
va por pagina: 4
va por pagina: 5
va por pagina: 6
va por pagina: 7
va por pagina: 8
va por pagina: 9
va por pagina: 10
va por pagina: 11
va por pagina: 12
va por pagina: 13
va por pagina: 14
va por pagina: 15
va por pagina: 16
va por pagina: 17
va por pagina: 18
va por pagina: 19
va por pagina: 20
va por pagina: 21
va por pagina: 22
va por pagina: 23
va por pagina: 24
va por pagina: 25
va por pagina: 26
va por pagina: 27
va por pagina: 28
obtiene paginas
cantidad de paginas: 21
va por pagina: 1
va por pagina: 2
va por pagina: 3
va por pagina: 4
va por pagina: 5
va por pagina: 6
va por pagina: 7
va por pagina: 8
va por pagina: 9
va por pagina: 10
va por pagina: 11
va por pagina: 12
va por pagina: 13
va por pagina: 14
va por pagina: 15
va por pagina: 16
va por pagina: 17
va por pagina: 18
va por pagina: 19
va por pagina: 20
va por pagina: 21
obtiene paginas
cantidad de paginas: 42
va por pagina: 1
va por pagina: 2
va por pagina: 3
va por pagina: 4
va por pagina: 5
va por pagina: 6
va por pagina: 7
va por pagina: 8
va por pagina: 9
va por pagina: 10
va por pagina: 11
va por pagina: 12
va por pagina: 13
va por pagina: 14
va por pagina: 15
va por pagina: 16
va por pagina: 17
va por pagina: 18
va por pagina: 19
va por pagina: 20
va por pagina: 21
va por pagina: 22
va por pagina: 23
va por pagina: 24
va por pagina: 25
va por pagina: 26
va por pagina: 27
va por pagina: 28
va por pagina: 29
va por pagina: 30
va por pagina: 31
va por pagina: 32
va por pagina: 33
va por pagina: 34
va por pagina: 35
va por pagina: 36
va por pagina: 37
va por pagina: 38
va por pagina: 39
va por pagina: 40
va por pagina: 41
va por pagina: 42
obtiene paginas
cantidad de paginas: 41
va por pagina: 1
va por pagina: 2
va por pagina: 3
va por pagina: 4
va por pagina: 5
va por pagina: 6
va por pagina: 7
va por pagina: 8
va por pagina: 9
va por pagina: 10
va por pagina: 11
va por pagina: 12
va por pagina: 13
va por pagina: 14
va por pagina: 15
va por pagina: 16
va por pagina: 17
va por pagina: 18
va por pagina: 19
va por pagina: 20
va por pagina: 21
va por pagina: 22
va por pagina: 23
va por pagina: 24
va por pagina: 25
va por pagina: 26
va por pagina: 27
va por pagina: 28
va por pagina: 29
va por pagina: 30
va por pagina: 31
va por pagina: 32
va por pagina: 33
va por pagina: 34
va por pagina: 35
va por pagina: 36
va por pagina: 37
va por pagina: 38
va por pagina: 39
va por pagina: 40
va por pagina: 41
obtiene paginas
cantidad de paginas: 36
va por pagina: 1
va por pagina: 2
va por pagina: 3
va por pagina: 4
va por pagina: 5
va por pagina: 6
va por pagina: 7
va por pagina: 8
va por pagina: 9
va por pagina: 10
va por pagina: 11
va por pagina: 12
va por pagina: 13
va por pagina: 14
va por pagina: 15
va por pagina: 16
va por pagina: 17
va por pagina: 18
va por pagina: 19
va por pagina: 20
va por pagina: 21
va por pagina: 22
va por pagina: 23
va por pagina: 24
va por pagina: 25
va por pagina: 26
va por pagina: 27
va por pagina: 28
va por pagina: 29
va por pagina: 30
va por pagina: 31
va por pagina: 32
va por pagina: 33
va por pagina: 34
va por pagina: 35
va por pagina: 36
obtiene paginas
cantidad de paginas: 43
va por pagina: 1
va por pagina: 2
va por pagina: 3
va por pagina: 4
va por pagina: 5
va por pagina: 6
va por pagina: 7
va por pagina: 8
va por pagina: 9
va por pagina: 10
va por pagina: 11
va por pagina: 12
va por pagina: 13
va por pagina: 14
va por pagina: 15
va por pagina: 16
va por pagina: 17
va por pagina: 18
va por pagina: 19
va por pagina: 20
va por pagina: 21
va por pagina: 22
va por pagina: 23
va por pagina: 24
va por pagina: 25
va por pagina: 26
va por pagina: 27
va por pagina: 28
va por pagina: 29
va por pagina: 30
va por pagina: 31
va por pagina: 32
va por pagina: 33
va por pagina: 34
va por pagina: 35
va por pagina: 36
va por pagina: 37
va por pagina: 38
va por pagina: 39
va por pagina: 40
va por pagina: 41
va por pagina: 42
va por pagina: 43
obtiene paginas
cantidad de paginas: 39
va por pagina: 1
va por pagina: 2
va por pagina: 3
va por pagina: 4
va por pagina: 5
va por pagina: 6
va por pagina: 7
va por pagina: 8
va por pagina: 9
va por pagina: 10
va por pagina: 11
va por pagina: 12
va por pagina: 13
va por pagina: 14
va por pagina: 15
va por pagina: 16
va por pagina: 17
va por pagina: 18
va por pagina: 19
va por pagina: 20
va por pagina: 21
va por pagina: 22
va por pagina: 23
va por pagina: 24
va por pagina: 25
va por pagina: 26
va por pagina: 27
va por pagina: 28
va por pagina: 29
va por pagina: 30
va por pagina: 31
va por pagina: 32
va por pagina: 33
va por pagina: 34
va por pagina: 35
va por pagina: 36
va por pagina: 37
va por pagina: 38
va por pagina: 39
obtiene paginas
cantidad de paginas: 39
va por pagina: 1
va por pagina: 2
va por pagina: 3
va por pagina: 4
va por pagina: 5
va por pagina: 6
va por pagina: 7
va por pagina: 8
va por pagina: 9
va por pagina: 10
va por pagina: 11
va por pagina: 12
va por pagina: 13
va por pagina: 14
va por pagina: 15
va por pagina: 16
va por pagina: 17
va por pagina: 18
va por pagina: 19
va por pagina: 20
va por pagina: 21
va por pagina: 22
va por pagina: 23
va por pagina: 24
va por pagina: 25
va por pagina: 26
va por pagina: 27
va por pagina: 28
va por pagina: 29
va por pagina: 30
va por pagina: 31
va por pagina: 32
va por pagina: 33
va por pagina: 34
va por pagina: 35
va por pagina: 36
va por pagina: 37
va por pagina: 38
va por pagina: 39
obtiene paginas
cantidad de paginas: 47
va por pagina: 1
va por pagina: 2
va por pagina: 3
va por pagina: 4
va por pagina: 5
va por pagina: 6
va por pagina: 7
va por pagina: 8
va por pagina: 9
va por pagina: 10
va por pagina: 11
va por pagina: 12
va por pagina: 13
va por pagina: 14
va por pagina: 15
va por pagina: 16
va por pagina: 17
va por pagina: 18
va por pagina: 19
va por pagina: 20
va por pagina: 21
va por pagina: 22
va por pagina: 23
va por pagina: 24
va por pagina: 25
va por pagina: 26
va por pagina: 27
va por pagina: 28
va por pagina: 29
va por pagina: 30
va por pagina: 31
va por pagina: 32
va por pagina: 33
va por pagina: 34
va por pagina: 35
va por pagina: 36
va por pagina: 37
va por pagina: 38
va por pagina: 39
va por pagina: 40
va por pagina: 41
va por pagina: 42
va por pagina: 43
va por pagina: 44
va por pagina: 45
va por pagina: 46
va por pagina: 47
obtiene paginas
cantidad de paginas: 36
va por pagina: 1
va por pagina: 2
va por pagina: 3
va por pagina: 4
va por pagina: 5
va por pagina: 6
va por pagina: 7
va por pagina: 8
va por pagina: 9
va por pagina: 10
va por pagina: 11
va por pagina: 12
va por pagina: 13
va por pagina: 14
va por pagina: 15
va por pagina: 16
va por pagina: 17
va por pagina: 18
va por pagina: 19
va por pagina: 20
va por pagina: 21
va por pagina: 22
va por pagina: 23
va por pagina: 24
va por pagina: 25
va por pagina: 26
va por pagina: 27
va por pagina: 28
va por pagina: 29
va por pagina: 30
va por pagina: 31
va por pagina: 32
va por pagina: 33
va por pagina: 34
va por pagina: 35
va por pagina: 36
obtiene paginas
cantidad de paginas: 38
va por pagina: 1
va por pagina: 2
va por pagina: 3
va por pagina: 4
va por pagina: 5
va por pagina: 6
va por pagina: 7
va por pagina: 8
va por pagina: 9
va por pagina: 10
va por pagina: 11
va por pagina: 12
va por pagina: 13
va por pagina: 14
va por pagina: 15
va por pagina: 16
va por pagina: 17
va por pagina: 18
va por pagina: 19
va por pagina: 20
va por pagina: 21
va por pagina: 22
va por pagina: 23
va por pagina: 24
va por pagina: 25
va por pagina: 26
va por pagina: 27
va por pagina: 28
va por pagina: 29
va por pagina: 30
va por pagina: 31
va por pagina: 32
va por pagina: 33
va por pagina: 34
va por pagina: 35
va por pagina: 36
va por pagina: 37
va por pagina: 38
obtiene paginas
cantidad de paginas: 51
va por pagina: 1
va por pagina: 2
va por pagina: 3
va por pagina: 4
va por pagina: 5
va por pagina: 6
va por pagina: 7
va por pagina: 8
va por pagina: 9
va por pagina: 10
va por pagina: 11
va por pagina: 12
va por pagina: 13
va por pagina: 14
va por pagina: 15
va por pagina: 16
va por pagina: 17
va por pagina: 18
va por pagina: 19
va por pagina: 20
va por pagina: 21
va por pagina: 22
va por pagina: 23
va por pagina: 24
va por pagina: 25
va por pagina: 26
va por pagina: 27
va por pagina: 28
va por pagina: 29
va por pagina: 30
va por pagina: 31
va por pagina: 32
va por pagina: 33
va por pagina: 34
va por pagina: 35
va por pagina: 36
va por pagina: 37
va por pagina: 38
va por pagina: 39
va por pagina: 40
va por pagina: 41
va por pagina: 42
va por pagina: 43
va por pagina: 44
va por pagina: 45
va por pagina: 46
va por pagina: 47
va por pagina: 48
va por pagina: 49
va por pagina: 50
va por pagina: 51
obtiene paginas
cantidad de paginas: 38
va por pagina: 1
va por pagina: 2
va por pagina: 3
va por pagina: 4
va por pagina: 5
va por pagina: 6
va por pagina: 7
va por pagina: 8
va por pagina: 9
va por pagina: 10
va por pagina: 11
va por pagina: 12
va por pagina: 13
va por pagina: 14
va por pagina: 15
va por pagina: 16
va por pagina: 17
va por pagina: 18
va por pagina: 19
va por pagina: 20
va por pagina: 21
va por pagina: 22
va por pagina: 23
va por pagina: 24
va por pagina: 25
va por pagina: 26
va por pagina: 27
va por pagina: 28
va por pagina: 29
va por pagina: 30
va por pagina: 31
va por pagina: 32
va por pagina: 33
va por pagina: 34
va por pagina: 35
va por pagina: 36
va por pagina: 37
va por pagina: 38
obtiene paginas
cantidad de paginas: 38
va por pagina: 1
va por pagina: 2
va por pagina: 3
va por pagina: 4
va por pagina: 5
va por pagina: 6
va por pagina: 7
va por pagina: 8
va por pagina: 9
va por pagina: 10
va por pagina: 11
va por pagina: 12
va por pagina: 13
va por pagina: 14
va por pagina: 15
va por pagina: 16
va por pagina: 17
va por pagina: 18
va por pagina: 19
va por pagina: 20
va por pagina: 21
va por pagina: 22
va por pagina: 23
va por pagina: 24
va por pagina: 25
va por pagina: 26
va por pagina: 27
va por pagina: 28
va por pagina: 29
va por pagina: 30
va por pagina: 31
va por pagina: 32
va por pagina: 33
va por pagina: 34
va por pagina: 35
va por pagina: 36
va por pagina: 37
va por pagina: 38
obtiene paginas
cantidad de paginas: 31
va por pagina: 1
va por pagina: 2
va por pagina: 3
va por pagina: 4
va por pagina: 5
va por pagina: 6
va por pagina: 7
va por pagina: 8
va por pagina: 9
va por pagina: 10
va por pagina: 11
va por pagina: 12
va por pagina: 13
va por pagina: 14
va por pagina: 15
va por pagina: 16
va por pagina: 17
va por pagina: 18
va por pagina: 19
va por pagina: 20
va por pagina: 21
va por pagina: 22
va por pagina: 23
va por pagina: 24
va por pagina: 25
va por pagina: 26
va por pagina: 27
va por pagina: 28
va por pagina: 29
va por pagina: 30
va por pagina: 31
obtiene paginas
cantidad de paginas: 23
va por pagina: 1
va por pagina: 2
va por pagina: 3
va por pagina: 4
va por pagina: 5
va por pagina: 6
va por pagina: 7
va por pagina: 8
va por pagina: 9
va por pagina: 10
va por pagina: 11
va por pagina: 12
va por pagina: 13
va por pagina: 14
va por pagina: 15
va por pagina: 16
va por pagina: 17
va por pagina: 18
va por pagina: 19
va por pagina: 20
va por pagina: 21
va por pagina: 22
va por pagina: 23
obtiene paginas
cantidad de paginas: 37
va por pagina: 1
va por pagina: 2
va por pagina: 3
va por pagina: 4
va por pagina: 5
va por pagina: 6
va por pagina: 7
va por pagina: 8
va por pagina: 9
va por pagina: 10
va por pagina: 11
va por pagina: 12
va por pagina: 13
va por pagina: 14
va por pagina: 15
va por pagina: 16
va por pagina: 17
va por pagina: 18
va por pagina: 19
va por pagina: 20
va por pagina: 21
va por pagina: 22
va por pagina: 23
va por pagina: 24
va por pagina: 25
va por pagina: 26
va por pagina: 27
va por pagina: 28
va por pagina: 29
va por pagina: 30
va por pagina: 31
va por pagina: 32
va por pagina: 33
va por pagina: 34
va por pagina: 35
va por pagina: 36
va por pagina: 37
obtiene paginas
cantidad de paginas: 44
va por pagina: 1
va por pagina: 2
va por pagina: 3
va por pagina: 4
va por pagina: 5
va por pagina: 6
va por pagina: 7
va por pagina: 8
va por pagina: 9
va por pagina: 10
va por pagina: 11
va por pagina: 12
va por pagina: 13
va por pagina: 14
va por pagina: 15
va por pagina: 16
va por pagina: 17
va por pagina: 18
va por pagina: 19
va por pagina: 20
va por pagina: 21
va por pagina: 22
va por pagina: 23
va por pagina: 24
va por pagina: 25
va por pagina: 26
va por pagina: 27
va por pagina: 28
va por pagina: 29
va por pagina: 30
va por pagina: 31
va por pagina: 32
va por pagina: 33
va por pagina: 34
va por pagina: 35
va por pagina: 36
va por pagina: 37
va por pagina: 38
va por pagina: 39
va por pagina: 40
va por pagina: 41
va por pagina: 42
va por pagina: 43
va por pagina: 44
obtiene paginas
cantidad de paginas: 34
va por pagina: 1
va por pagina: 2
va por pagina: 3
va por pagina: 4
va por pagina: 5
va por pagina: 6
va por pagina: 7
va por pagina: 8
va por pagina: 9
va por pagina: 10
va por pagina: 11
va por pagina: 12
va por pagina: 13
va por pagina: 14
va por pagina: 15
va por pagina: 16
va por pagina: 17
va por pagina: 18
va por pagina: 19
va por pagina: 20
va por pagina: 21
va por pagina: 22
va por pagina: 23
va por pagina: 24
va por pagina: 25
va por pagina: 26
va por pagina: 27
va por pagina: 28
va por pagina: 29
va por pagina: 30
va por pagina: 31
va por pagina: 32
va por pagina: 33
va por pagina: 34
obtiene paginas
cantidad de paginas: 46
va por pagina: 1
va por pagina: 2
va por pagina: 3
va por pagina: 4
va por pagina: 5
va por pagina: 6
va por pagina: 7
va por pagina: 8
va por pagina: 9
va por pagina: 10
va por pagina: 11
va por pagina: 12
va por pagina: 13
va por pagina: 14
va por pagina: 15
va por pagina: 16
va por pagina: 17
va por pagina: 18
va por pagina: 19
va por pagina: 20
va por pagina: 21
va por pagina: 22
va por pagina: 23
va por pagina: 24
va por pagina: 25
va por pagina: 26
va por pagina: 27
va por pagina: 28
va por pagina: 29
va por pagina: 30
va por pagina: 31
va por pagina: 32
va por pagina: 33
va por pagina: 34
va por pagina: 35
va por pagina: 36
va por pagina: 37
va por pagina: 38
va por pagina: 39
va por pagina: 40
va por pagina: 41
va por pagina: 42
va por pagina: 43
va por pagina: 44
va por pagina: 45
va por pagina: 46
obtiene paginas
cantidad de paginas: 45
va por pagina: 1
va por pagina: 2
va por pagina: 3
va por pagina: 4
va por pagina: 5
va por pagina: 6
va por pagina: 7
va por pagina: 8
va por pagina: 9
va por pagina: 10
va por pagina: 11
va por pagina: 12
va por pagina: 13
va por pagina: 14
va por pagina: 15
va por pagina: 16
va por pagina: 17
va por pagina: 18
va por pagina: 19
va por pagina: 20
va por pagina: 21
va por pagina: 22
va por pagina: 23
va por pagina: 24
va por pagina: 25
va por pagina: 26
va por pagina: 27
va por pagina: 28
va por pagina: 29
va por pagina: 30
va por pagina: 31
va por pagina: 32
va por pagina: 33
va por pagina: 34
va por pagina: 35
va por pagina: 36
va por pagina: 37
va por pagina: 38
va por pagina: 39
va por pagina: 40
va por pagina: 41
va por pagina: 42
va por pagina: 43
va por pagina: 44
va por pagina: 45
obtiene paginas
cantidad de paginas: 25
va por pagina: 1
va por pagina: 2
va por pagina: 3
va por pagina: 4
va por pagina: 5
va por pagina: 6
va por pagina: 7
va por pagina: 8
va por pagina: 9
va por pagina: 10
va por pagina: 11
va por pagina: 12
va por pagina: 13
va por pagina: 14
va por pagina: 15
va por pagina: 16
va por pagina: 17
va por pagina: 18
va por pagina: 19
va por pagina: 20
va por pagina: 21
va por pagina: 22
va por pagina: 23
va por pagina: 24
va por pagina: 25
obtiene paginas
cantidad de paginas: 24
va por pagina: 1
va por pagina: 2
va por pagina: 3
va por pagina: 4
va por pagina: 5
va por pagina: 6
va por pagina: 7
va por pagina: 8
va por pagina: 9
va por pagina: 10
va por pagina: 11
va por pagina: 12
va por pagina: 13
va por pagina: 14
va por pagina: 15
va por pagina: 16
va por pagina: 17
va por pagina: 18
va por pagina: 19
va por pagina: 20
va por pagina: 21
va por pagina: 22
va por pagina: 23
va por pagina: 24
obtiene paginas
cantidad de paginas: 34
va por pagina: 1
va por pagina: 2
va por pagina: 3
va por pagina: 4
va por pagina: 5
va por pagina: 6
va por pagina: 7
va por pagina: 8
va por pagina: 9
va por pagina: 10
va por pagina: 11
va por pagina: 12
va por pagina: 13
va por pagina: 14
va por pagina: 15
va por pagina: 16
va por pagina: 17
va por pagina: 18
va por pagina: 19
va por pagina: 20
va por pagina: 21
va por pagina: 22
va por pagina: 23
va por pagina: 24
va por pagina: 25
va por pagina: 26
va por pagina: 27
va por pagina: 28
va por pagina: 29
va por pagina: 30
va por pagina: 31
va por pagina: 32
va por pagina: 33
va por pagina: 34
obtiene paginas
cantidad de paginas: 54
va por pagina: 1
va por pagina: 2
va por pagina: 3
va por pagina: 4
va por pagina: 5
va por pagina: 6
va por pagina: 7
va por pagina: 8
va por pagina: 9
va por pagina: 10
va por pagina: 11
va por pagina: 12
va por pagina: 13
va por pagina: 14
va por pagina: 15
va por pagina: 16
va por pagina: 17
va por pagina: 18
va por pagina: 19
va por pagina: 20
va por pagina: 21
va por pagina: 22
va por pagina: 23
va por pagina: 24
va por pagina: 25
va por pagina: 26
va por pagina: 27
va por pagina: 28
va por pagina: 29
va por pagina: 30
va por pagina: 31
va por pagina: 32
va por pagina: 33
va por pagina: 34
va por pagina: 35
va por pagina: 36
va por pagina: 37
va por pagina: 38
va por pagina: 39
va por pagina: 40
va por pagina: 41
va por pagina: 42
va por pagina: 43
va por pagina: 44
va por pagina: 45
va por pagina: 46
va por pagina: 47
va por pagina: 48
va por pagina: 49
va por pagina: 50
va por pagina: 51
va por pagina: 52
va por pagina: 53
va por pagina: 54
obtiene paginas
cantidad de paginas: 58
va por pagina: 1
va por pagina: 2
va por pagina: 3
va por pagina: 4
va por pagina: 5
va por pagina: 6
va por pagina: 7
va por pagina: 8
va por pagina: 9
va por pagina: 10
va por pagina: 11
va por pagina: 12
va por pagina: 13
va por pagina: 14
va por pagina: 15
va por pagina: 16
va por pagina: 17
va por pagina: 18
va por pagina: 19
va por pagina: 20
va por pagina: 21
va por pagina: 22
va por pagina: 23
va por pagina: 24
va por pagina: 25
va por pagina: 26
va por pagina: 27
va por pagina: 28
va por pagina: 29
va por pagina: 30
va por pagina: 31
va por pagina: 32
va por pagina: 33
va por pagina: 34
va por pagina: 35
va por pagina: 36
va por pagina: 37
va por pagina: 38
va por pagina: 39
va por pagina: 40
va por pagina: 41
va por pagina: 42
va por pagina: 43
va por pagina: 44
va por pagina: 45
va por pagina: 46
va por pagina: 47
va por pagina: 48
va por pagina: 49
va por pagina: 50
va por pagina: 51
va por pagina: 52
va por pagina: 53
va por pagina: 54
va por pagina: 55
va por pagina: 56
va por pagina: 57
va por pagina: 58
obtiene paginas
cantidad de paginas: 31
va por pagina: 1
va por pagina: 2
va por pagina: 3
va por pagina: 4
va por pagina: 5
va por pagina: 6
va por pagina: 7
va por pagina: 8
va por pagina: 9
va por pagina: 10
va por pagina: 11
va por pagina: 12
va por pagina: 13
va por pagina: 14
va por pagina: 15
va por pagina: 16
va por pagina: 17
va por pagina: 18
va por pagina: 19
va por pagina: 20
va por pagina: 21
va por pagina: 22
va por pagina: 23
va por pagina: 24
va por pagina: 25
va por pagina: 26
va por pagina: 27
va por pagina: 28
va por pagina: 29
va por pagina: 30
va por pagina: 31
obtiene paginas
cantidad de paginas: 60
va por pagina: 1
va por pagina: 2
va por pagina: 3
va por pagina: 4
va por pagina: 5
va por pagina: 6
va por pagina: 7
va por pagina: 8
va por pagina: 9
va por pagina: 10
va por pagina: 11
va por pagina: 12
va por pagina: 13
va por pagina: 14
va por pagina: 15
va por pagina: 16
va por pagina: 17
va por pagina: 18
va por pagina: 19
va por pagina: 20
va por pagina: 21
va por pagina: 22
va por pagina: 23
va por pagina: 24